<?xml version="1.0" encoding="UTF-8"?>
<!-- Generated by org.testng.reporters.JUnitXMLReporter -->
<testsuite hostname="LAPTOP-5CHV4394" ignored="0" name="ChromeTest" tests="2" failures="1" timestamp="2019-11-03T22:31:04 IST" time="43.33" errors="0">
  <testcase name="verifyLogo" time="0.449" classname="sampleProject.ExtentReportsClass">
    <failure type="java.lang.AssertionError" message="did not expect to find [false] but found [true]">
      <![CDATA[java.lang.AssertionError: did not expect to find [false] but found [true]
at sampleProject.ExtentReportsClass.verifyLogo(ExtentReportsClass.java:87)
at java.util.ArrayList.forEach(ArrayList.java:1257)
at java.util.concurrent.FutureTask.run(FutureTask.java:266)
at java.util.concurrent.ThreadPoolExecutor.runWorker(ThreadPoolExecutor.java:1149)
at java.util.concurrent.ThreadPoolExecutor$Worker.run(ThreadPoolExecutor.java:624)
at java.lang.Thread.run(Thread.java:748)
... Removed 22 stack frames]]>
    </failure>
  </testcase> <!-- verifyLogo -->
  <testcase name="verifyTitle" time="0.009" classname="sampleProject.ExtentReportsClass"/>
</testsuite> <!-- ChromeTest -->
