<?xml version="1.0" encoding="UTF-8"?>
<testng-results skipped="0" failed="1" ignored="0" total="2" passed="1">
  <reporter-output>
  </reporter-output>
  <suite name="Suite" duration-ms="43330" started-at="2019-11-03T22:30:21 IST" finished-at="2019-11-03T22:31:04 IST">
    <groups>
    </groups>
    <test name="ChromeTest" duration-ms="43330" started-at="2019-11-03T22:30:21 IST" finished-at="2019-11-03T22:31:04 IST">
      <class name="sampleProject.ExtentReportsClass">
        <test-method status="PASS" signature="startReport()[pri:0, instance:sampleProject.ExtentReportsClass@7c29daf3]" name="startReport" is-config="true" duration-ms="280" started-at="2019-11-03T22:30:21 IST" finished-at="2019-11-03T22:30:21 IST">
          <reporter-output>
          </reporter-output>
        </test-method> <!-- startReport -->
        <test-method status="PASS" signature="setup()[pri:0, instance:sampleProject.ExtentReportsClass@7c29daf3]" name="setup" is-config="true" duration-ms="27105" started-at="2019-11-03T22:30:21 IST" finished-at="2019-11-03T22:30:48 IST">
          <reporter-output>
          </reporter-output>
        </test-method> <!-- setup -->
        <test-method status="FAIL" signature="verifyLogo()[pri:0, instance:sampleProject.ExtentReportsClass@7c29daf3]" name="verifyLogo" duration-ms="449" started-at="2019-11-03T22:30:48 IST" finished-at="2019-11-03T22:30:48 IST">
          <exception class="java.lang.AssertionError">
            <message>
              <![CDATA[did not expect to find [false] but found [true]]]>
            </message>
            <full-stacktrace>
              <![CDATA[java.lang.AssertionError: did not expect to find [false] but found [true]
at org.testng.Assert.fail(Assert.java:97)
at org.testng.Assert.failNotEquals(Assert.java:969)
at org.testng.Assert.assertFalse(Assert.java:65)
at org.testng.Assert.assertFalse(Assert.java:75)
at sampleProject.ExtentReportsClass.verifyLogo(ExtentReportsClass.java:87)
at sun.reflect.NativeMethodAccessorImpl.invoke0(Native Method)
at sun.reflect.NativeMethodAccessorImpl.invoke(NativeMethodAccessorImpl.java:62)
at sun.reflect.DelegatingMethodAccessorImpl.invoke(DelegatingMethodAccessorImpl.java:43)
at java.lang.reflect.Method.invoke(Method.java:498)
at org.testng.internal.MethodInvocationHelper.invokeMethod(MethodInvocationHelper.java:133)
at org.testng.internal.TestInvoker.invokeMethod(TestInvoker.java:584)
at org.testng.internal.TestInvoker.invokeTestMethod(TestInvoker.java:172)
at org.testng.internal.MethodRunner.runInSequence(MethodRunner.java:46)
at org.testng.internal.TestInvoker$MethodInvocationAgent.invoke(TestInvoker.java:804)
at org.testng.internal.TestInvoker.invokeTestMethods(TestInvoker.java:145)
at org.testng.internal.TestMethodWorker.invokeTestMethods(TestMethodWorker.java:146)
at org.testng.internal.TestMethodWorker.run(TestMethodWorker.java:128)
at java.util.ArrayList.forEach(ArrayList.java:1257)
at org.testng.TestRunner.privateRun(TestRunner.java:770)
at org.testng.TestRunner.run(TestRunner.java:591)
at org.testng.SuiteRunner.runTest(SuiteRunner.java:402)
at org.testng.SuiteRunner.access$000(SuiteRunner.java:41)
at org.testng.SuiteRunner$SuiteWorker.run(SuiteRunner.java:443)
at org.testng.internal.thread.ThreadUtil.lambda$execute$0(ThreadUtil.java:67)
at java.util.concurrent.FutureTask.run(FutureTask.java:266)
at java.util.concurrent.ThreadPoolExecutor.runWorker(ThreadPoolExecutor.java:1149)
at java.util.concurrent.ThreadPoolExecutor$Worker.run(ThreadPoolExecutor.java:624)
at java.lang.Thread.run(Thread.java:748)
]]>
            </full-stacktrace>
          </exception> <!-- java.lang.AssertionError -->
          <reporter-output>
          </reporter-output>
        </test-method> <!-- verifyLogo -->
        <test-method status="PASS" signature="getResult(org.testng.ITestResult)[pri:0, instance:sampleProject.ExtentReportsClass@7c29daf3]" name="getResult" is-config="true" duration-ms="1803" started-at="2019-11-03T22:30:48 IST" finished-at="2019-11-03T22:30:50 IST">
          <params>
            <param index="0">
              <value>
                <![CDATA[[TestResult name=verifyLogo status=FAILURE method=ExtentReportsClass.verifyLogo()[pri:0, instance:sampleProject.ExtentReportsClass@7c29daf3] output={null}]]]>
              </value>
            </param>
          </params>
          <reporter-output>
          </reporter-output>
        </test-method> <!-- getResult -->
        <test-method status="PASS" signature="setup()[pri:0, instance:sampleProject.ExtentReportsClass@7c29daf3]" name="setup" is-config="true" duration-ms="11781" started-at="2019-11-03T22:30:50 IST" finished-at="2019-11-03T22:31:02 IST">
          <reporter-output>
          </reporter-output>
        </test-method> <!-- setup -->
        <test-method status="PASS" signature="verifyTitle()[pri:0, instance:sampleProject.ExtentReportsClass@7c29daf3]" name="verifyTitle" duration-ms="9" started-at="2019-11-03T22:31:02 IST" finished-at="2019-11-03T22:31:02 IST">
          <reporter-output>
          </reporter-output>
        </test-method> <!-- verifyTitle -->
        <test-method status="PASS" signature="getResult(org.testng.ITestResult)[pri:0, instance:sampleProject.ExtentReportsClass@7c29daf3]" name="getResult" is-config="true" duration-ms="840" started-at="2019-11-03T22:31:02 IST" finished-at="2019-11-03T22:31:03 IST">
          <params>
            <param index="0">
              <value>
                <![CDATA[[TestResult name=verifyTitle status=SUCCESS method=ExtentReportsClass.verifyTitle()[pri:0, instance:sampleProject.ExtentReportsClass@7c29daf3] output={null}]]]>
              </value>
            </param>
          </params>
          <reporter-output>
          </reporter-output>
        </test-method> <!-- getResult -->
        <test-method status="PASS" signature="endReport()[pri:0, instance:sampleProject.ExtentReportsClass@7c29daf3]" name="endReport" is-config="true" duration-ms="968" started-at="2019-11-03T22:31:03 IST" finished-at="2019-11-03T22:31:04 IST">
          <reporter-output>
          </reporter-output>
        </test-method> <!-- endReport -->
      </class> <!-- sampleProject.ExtentReportsClass -->
    </test> <!-- ChromeTest -->
  </suite> <!-- Suite -->
</testng-results>
